app/build/intermediates/manifest_merge_blame_file/debug/manifest-merger-blame-debug-report.txt
1<?xml version="1.0" encoding="utf-8"?>
2<!-- Kratko o XML-u: -->
3<!-- dokument koji sadrzi elemente i njihove argumente -->
4<!-- svaki element moze imat 0 ili vise argumenata i 0 ili vise (pod) elemenata -->
5<!-- na taj nacin se dobiva organizirana, hijerarhijska struktura koja moze sluziti za opis -->
6<!-- proizvoljnih objekata/informacija itd -->
7<!-- Opis dokumenta: -->
8<!-- manifest aplikacije. koristi se za konfiguraciju glavnih parametara aplikacije u odnosu na -->
9<!-- operacijski sistem, npr. ime, potrebne dozvole, ulazna tocka... -->
10<!-- Opis nekih dijelova: -->
11<!-- application (element) glavni(root) element u dokumentu -->
12<!-- android:name (argument) -->
13<!-- ulazna tocka u aplikaciju, tj klasa koja se instancira prije bilo koje druge. ako nije -->
14<!-- navedena, default instanca(tj objekt) se stvara -->
15<!-- activity (element) -->
16<!-- opis activity-a -->
17<!-- intent-filter(element) -->
18<!-- govori koji je activity ulazni, tj koji ce se prvi prikazati/pokrenuti prilikom pokretanja -->
19<manifest xmlns:android="http://schemas.android.com/apk/res/android"
20    package="com.nekretnineferit"
21    android:versionCode="1"
22    android:versionName="1.0" >
23
24    <uses-sdk
25        android:minSdkVersion="24"
26        android:targetSdkVersion="33" />
27
28    <uses-permission android:name="android.permission.INTERNET" />
28-->[com.google.firebase:firebase-auth:22.1.1] AndroidManifest.xml:25:5-67
28-->[com.google.firebase:firebase-auth:22.1.1] AndroidManifest.xml:25:22-64
29    <uses-permission android:name="android.permission.ACCESS_NETWORK_STATE" />
29-->[com.google.firebase:firebase-auth:22.1.1] AndroidManifest.xml:26:5-79
29-->[com.google.firebase:firebase-auth:22.1.1] AndroidManifest.xml:26:22-76
30
31    <permission
31-->[androidx.core:core:1.9.0] AndroidManifest.xml:22:5-24:47
32        android:name="com.nekretnineferit.DYNAMIC_RECEIVER_NOT_EXPORTED_PERMISSION"
32-->[androidx.core:core:1.9.0] AndroidManifest.xml:23:9-81
33        android:protectionLevel="signature" />
33-->[androidx.core:core:1.9.0] AndroidManifest.xml:24:9-44
34
35    <uses-permission android:name="com.nekretnineferit.DYNAMIC_RECEIVER_NOT_EXPORTED_PERMISSION" />
35-->[androidx.core:core:1.9.0] AndroidManifest.xml:26:5-97
35-->[androidx.core:core:1.9.0] AndroidManifest.xml:26:22-94
36
37    <application
37-->src\main\AndroidManifest.xml:25:5-47:19
38        android:name="com.nekretnineferit.NekretnineFeritApp"
38-->src\main\AndroidManifest.xml:26:9-43
39        android:allowBackup="true"
39-->src\main\AndroidManifest.xml:27:9-35
40        android:appComponentFactory="androidx.core.app.CoreComponentFactory"
40-->[androidx.core:core:1.9.0] AndroidManifest.xml:28:18-86
41        android:dataExtractionRules="@xml/data_extraction_rules"
41-->src\main\AndroidManifest.xml:28:9-65
42        android:debuggable="true"
43        android:extractNativeLibs="false"
44        android:fullBackupContent="@xml/backup_rules"
44-->src\main\AndroidManifest.xml:29:9-54
45        android:icon="@drawable/ic_house"
45-->src\main\AndroidManifest.xml:30:9-42
46        android:label="@string/app_name"
46-->src\main\AndroidManifest.xml:31:9-41
47        android:roundIcon="@drawable/ic_house"
47-->src\main\AndroidManifest.xml:32:9-47
48        android:supportsRtl="true"
48-->src\main\AndroidManifest.xml:33:9-35
49        android:testOnly="true"
50        android:theme="@style/Theme.NekretnineFerit" >
50-->src\main\AndroidManifest.xml:34:9-53
51        <activity
51-->src\main\AndroidManifest.xml:36:9-43:20
52            android:name="com.nekretnineferit.activities.SigningActivity"
52-->src\main\AndroidManifest.xml:37:13-55
53            android:exported="true" >
53-->src\main\AndroidManifest.xml:38:13-36
54            <intent-filter>
54-->src\main\AndroidManifest.xml:39:13-42:29
55                <action android:name="android.intent.action.MAIN" />
55-->src\main\AndroidManifest.xml:40:17-69
55-->src\main\AndroidManifest.xml:40:25-66
56
57                <category android:name="android.intent.category.LAUNCHER" />
57-->src\main\AndroidManifest.xml:41:17-77
57-->src\main\AndroidManifest.xml:41:27-74
58            </intent-filter>
59        </activity>
60        <activity
60-->src\main\AndroidManifest.xml:44:9-46:40
61            android:name="com.nekretnineferit.activities.BrowsingActivity"
61-->src\main\AndroidManifest.xml:45:13-56
62            android:exported="false" />
62-->src\main\AndroidManifest.xml:46:13-37
63
64        <service
64-->[com.google.firebase:firebase-auth-ktx:22.1.1] AndroidManifest.xml:8:9-14:19
65            android:name="com.google.firebase.components.ComponentDiscoveryService"
65-->[com.google.firebase:firebase-auth-ktx:22.1.1] AndroidManifest.xml:9:13-84
66            android:directBootAware="true"
66-->[com.google.firebase:firebase-common:20.3.2] AndroidManifest.xml:34:13-43
67            android:exported="false" >
67-->[com.google.firebase:firebase-auth-ktx:22.1.1] AndroidManifest.xml:10:13-37
68            <meta-data
68-->[com.google.firebase:firebase-auth-ktx:22.1.1] AndroidManifest.xml:11:13-13:85
69                android:name="com.google.firebase.components:com.google.firebase.auth.ktx.FirebaseAuthKtxRegistrar"
69-->[com.google.firebase:firebase-auth-ktx:22.1.1] AndroidManifest.xml:12:17-116
70                android:value="com.google.firebase.components.ComponentRegistrar" />
70-->[com.google.firebase:firebase-auth-ktx:22.1.1] AndroidManifest.xml:13:17-82
71            <meta-data
71-->[com.google.firebase:firebase-auth:22.1.1] AndroidManifest.xml:69:13-71:85
72                android:name="com.google.firebase.components:com.google.firebase.auth.FirebaseAuthRegistrar"
72-->[com.google.firebase:firebase-auth:22.1.1] AndroidManifest.xml:70:17-109
73                android:value="com.google.firebase.components.ComponentRegistrar" />
73-->[com.google.firebase:firebase-auth:22.1.1] AndroidManifest.xml:71:17-82
74            <meta-data
74-->[com.google.firebase:firebase-firestore-ktx:24.7.1] AndroidManifest.xml:12:13-14:85
75                android:name="com.google.firebase.components:com.google.firebase.firestore.ktx.FirebaseFirestoreKtxRegistrar"
75-->[com.google.firebase:firebase-firestore-ktx:24.7.1] AndroidManifest.xml:13:17-126
76                android:value="com.google.firebase.components.ComponentRegistrar" />
76-->[com.google.firebase:firebase-firestore-ktx:24.7.1] AndroidManifest.xml:14:17-82
77            <meta-data
77-->[com.google.firebase:firebase-firestore:24.7.1] AndroidManifest.xml:17:13-19:85
78                android:name="com.google.firebase.components:com.google.firebase.firestore.FirestoreRegistrar"
78-->[com.google.firebase:firebase-firestore:24.7.1] AndroidManifest.xml:18:17-111
79                android:value="com.google.firebase.components.ComponentRegistrar" />
79-->[com.google.firebase:firebase-firestore:24.7.1] AndroidManifest.xml:19:17-82
80            <meta-data
80-->[com.google.firebase:firebase-storage-ktx:20.2.1] AndroidManifest.xml:14:13-16:85
81                android:name="com.google.firebase.components:com.google.firebase.storage.ktx.FirebaseStorageKtxRegistrar"
81-->[com.google.firebase:firebase-storage-ktx:20.2.1] AndroidManifest.xml:15:17-122
82                android:value="com.google.firebase.components.ComponentRegistrar" />
82-->[com.google.firebase:firebase-storage-ktx:20.2.1] AndroidManifest.xml:16:17-82
83            <meta-data
83-->[com.google.firebase:firebase-storage:20.2.1] AndroidManifest.xml:32:13-34:85
84                android:name="com.google.firebase.components:com.google.firebase.storage.StorageRegistrar"
84-->[com.google.firebase:firebase-storage:20.2.1] AndroidManifest.xml:33:17-107
85                android:value="com.google.firebase.components.ComponentRegistrar" />
85-->[com.google.firebase:firebase-storage:20.2.1] AndroidManifest.xml:34:17-82
86            <meta-data
86-->[com.google.firebase:firebase-common-ktx:20.3.1] AndroidManifest.xml:14:13-16:85
87                android:name="com.google.firebase.components:com.google.firebase.ktx.FirebaseCommonKtxRegistrar"
87-->[com.google.firebase:firebase-common-ktx:20.3.1] AndroidManifest.xml:15:17-113
88                android:value="com.google.firebase.components.ComponentRegistrar" />
88-->[com.google.firebase:firebase-common-ktx:20.3.1] AndroidManifest.xml:16:17-82
89        </service>
90
91        <activity
91-->[com.google.firebase:firebase-auth:22.1.1] AndroidManifest.xml:29:9-46:20
92            android:name="com.google.firebase.auth.internal.GenericIdpActivity"
92-->[com.google.firebase:firebase-auth:22.1.1] AndroidManifest.xml:30:13-80
93            android:excludeFromRecents="true"
93-->[com.google.firebase:firebase-auth:22.1.1] AndroidManifest.xml:31:13-46
94            android:exported="true"
94-->[com.google.firebase:firebase-auth:22.1.1] AndroidManifest.xml:32:13-36
95            android:launchMode="singleTask"
95-->[com.google.firebase:firebase-auth:22.1.1] AndroidManifest.xml:33:13-44
96            android:theme="@android:style/Theme.Translucent.NoTitleBar" >
96-->[com.google.firebase:firebase-auth:22.1.1] AndroidManifest.xml:34:13-72
97            <intent-filter>
97-->[com.google.firebase:firebase-auth:22.1.1] AndroidManifest.xml:35:13-45:29
98                <action android:name="android.intent.action.VIEW" />
98-->[com.google.firebase:firebase-auth:22.1.1] AndroidManifest.xml:36:17-69
98-->[com.google.firebase:firebase-auth:22.1.1] AndroidManifest.xml:36:25-66
99
100                <category android:name="android.intent.category.DEFAULT" />
100-->[com.google.firebase:firebase-auth:22.1.1] AndroidManifest.xml:38:17-76
100-->[com.google.firebase:firebase-auth:22.1.1] AndroidManifest.xml:38:27-73
101                <category android:name="android.intent.category.BROWSABLE" />
101-->[com.google.firebase:firebase-auth:22.1.1] AndroidManifest.xml:39:17-78
101-->[com.google.firebase:firebase-auth:22.1.1] AndroidManifest.xml:39:27-75
102
103                <data
103-->[com.google.firebase:firebase-auth:22.1.1] AndroidManifest.xml:41:17-44:51
104                    android:host="firebase.auth"
104-->[com.google.firebase:firebase-auth:22.1.1] AndroidManifest.xml:42:21-49
105                    android:path="/"
105-->[com.google.firebase:firebase-auth:22.1.1] AndroidManifest.xml:43:21-37
106                    android:scheme="genericidp" />
106-->[com.google.firebase:firebase-auth:22.1.1] AndroidManifest.xml:44:21-48
107            </intent-filter>
108        </activity>
109        <activity
109-->[com.google.firebase:firebase-auth:22.1.1] AndroidManifest.xml:47:9-64:20
110            android:name="com.google.firebase.auth.internal.RecaptchaActivity"
110-->[com.google.firebase:firebase-auth:22.1.1] AndroidManifest.xml:48:13-79
111            android:excludeFromRecents="true"
111-->[com.google.firebase:firebase-auth:22.1.1] AndroidManifest.xml:49:13-46
112            android:exported="true"
112-->[com.google.firebase:firebase-auth:22.1.1] AndroidManifest.xml:50:13-36
113            android:launchMode="singleTask"
113-->[com.google.firebase:firebase-auth:22.1.1] AndroidManifest.xml:51:13-44
114            android:theme="@android:style/Theme.Translucent.NoTitleBar" >
114-->[com.google.firebase:firebase-auth:22.1.1] AndroidManifest.xml:52:13-72
115            <intent-filter>
115-->[com.google.firebase:firebase-auth:22.1.1] AndroidManifest.xml:53:13-63:29
116                <action android:name="android.intent.action.VIEW" />
116-->[com.google.firebase:firebase-auth:22.1.1] AndroidManifest.xml:36:17-69
116-->[com.google.firebase:firebase-auth:22.1.1] AndroidManifest.xml:36:25-66
117
118                <category android:name="android.intent.category.DEFAULT" />
118-->[com.google.firebase:firebase-auth:22.1.1] AndroidManifest.xml:38:17-76
118-->[com.google.firebase:firebase-auth:22.1.1] AndroidManifest.xml:38:27-73
119                <category android:name="android.intent.category.BROWSABLE" />
119-->[com.google.firebase:firebase-auth:22.1.1] AndroidManifest.xml:39:17-78
119-->[com.google.firebase:firebase-auth:22.1.1] AndroidManifest.xml:39:27-75
120
121                <data
121-->[com.google.firebase:firebase-auth:22.1.1] AndroidManifest.xml:41:17-44:51
122                    android:host="firebase.auth"
122-->[com.google.firebase:firebase-auth:22.1.1] AndroidManifest.xml:42:21-49
123                    android:path="/"
123-->[com.google.firebase:firebase-auth:22.1.1] AndroidManifest.xml:43:21-37
124                    android:scheme="recaptcha" />
124-->[com.google.firebase:firebase-auth:22.1.1] AndroidManifest.xml:44:21-48
125            </intent-filter>
126        </activity>
127
128        <provider
128-->[com.google.firebase:firebase-common:20.3.2] AndroidManifest.xml:25:9-30:39
129            android:name="com.google.firebase.provider.FirebaseInitProvider"
129-->[com.google.firebase:firebase-common:20.3.2] AndroidManifest.xml:26:13-77
130            android:authorities="com.nekretnineferit.firebaseinitprovider"
130-->[com.google.firebase:firebase-common:20.3.2] AndroidManifest.xml:27:13-72
131            android:directBootAware="true"
131-->[com.google.firebase:firebase-common:20.3.2] AndroidManifest.xml:28:13-43
132            android:exported="false"
132-->[com.google.firebase:firebase-common:20.3.2] AndroidManifest.xml:29:13-37
133            android:initOrder="100" />
133-->[com.google.firebase:firebase-common:20.3.2] AndroidManifest.xml:30:13-36
134
135        <activity
135-->[com.google.android.gms:play-services-base:18.0.1] AndroidManifest.xml:20:9-22:45
136            android:name="com.google.android.gms.common.api.GoogleApiActivity"
136-->[com.google.android.gms:play-services-base:18.0.1] AndroidManifest.xml:20:19-85
137            android:exported="false"
137-->[com.google.android.gms:play-services-base:18.0.1] AndroidManifest.xml:22:19-43
138            android:theme="@android:style/Theme.Translucent.NoTitleBar" />
138-->[com.google.android.gms:play-services-base:18.0.1] AndroidManifest.xml:21:19-78
139
140        <meta-data
140-->[com.google.android.gms:play-services-basement:18.1.0] AndroidManifest.xml:21:9-23:69
141            android:name="com.google.android.gms.version"
141-->[com.google.android.gms:play-services-basement:18.1.0] AndroidManifest.xml:22:13-58
142            android:value="@integer/google_play_services_version" />
142-->[com.google.android.gms:play-services-basement:18.1.0] AndroidManifest.xml:23:13-66
143
144        <provider
144-->[androidx.emoji2:emoji2:1.3.0] AndroidManifest.xml:24:9-32:20
145            android:name="androidx.startup.InitializationProvider"
145-->[androidx.emoji2:emoji2:1.3.0] AndroidManifest.xml:25:13-67
146            android:authorities="com.nekretnineferit.androidx-startup"
146-->[androidx.emoji2:emoji2:1.3.0] AndroidManifest.xml:26:13-68
147            android:exported="false" >
147-->[androidx.emoji2:emoji2:1.3.0] AndroidManifest.xml:27:13-37
148            <meta-data
148-->[androidx.emoji2:emoji2:1.3.0] AndroidManifest.xml:29:13-31:52
149                android:name="androidx.emoji2.text.EmojiCompatInitializer"
149-->[androidx.emoji2:emoji2:1.3.0] AndroidManifest.xml:30:17-75
150                android:value="androidx.startup" />
150-->[androidx.emoji2:emoji2:1.3.0] AndroidManifest.xml:31:17-49
151            <meta-data
151-->[androidx.lifecycle:lifecycle-process:2.6.2] AndroidManifest.xml:29:13-31:52
152                android:name="androidx.lifecycle.ProcessLifecycleInitializer"
152-->[androidx.lifecycle:lifecycle-process:2.6.2] AndroidManifest.xml:30:17-78
153                android:value="androidx.startup" />
153-->[androidx.lifecycle:lifecycle-process:2.6.2] AndroidManifest.xml:31:17-49
154            <meta-data
154-->[androidx.profileinstaller:profileinstaller:1.3.0] AndroidManifest.xml:29:13-31:52
155                android:name="androidx.profileinstaller.ProfileInstallerInitializer"
155-->[androidx.profileinstaller:profileinstaller:1.3.0] AndroidManifest.xml:30:17-85
156                android:value="androidx.startup" />
156-->[androidx.profileinstaller:profileinstaller:1.3.0] AndroidManifest.xml:31:17-49
157        </provider>
158
159        <uses-library
159-->[androidx.window:window:1.0.0] AndroidManifest.xml:25:9-27:40
160            android:name="androidx.window.extensions"
160-->[androidx.window:window:1.0.0] AndroidManifest.xml:26:13-54
161            android:required="false" />
161-->[androidx.window:window:1.0.0] AndroidManifest.xml:27:13-37
162        <uses-library
162-->[androidx.window:window:1.0.0] AndroidManifest.xml:28:9-30:40
163            android:name="androidx.window.sidecar"
163-->[androidx.window:window:1.0.0] AndroidManifest.xml:29:13-51
164            android:required="false" />
164-->[androidx.window:window:1.0.0] AndroidManifest.xml:30:13-37
165
166        <receiver
166-->[androidx.profileinstaller:profileinstaller:1.3.0] AndroidManifest.xml:34:9-52:20
167            android:name="androidx.profileinstaller.ProfileInstallReceiver"
167-->[androidx.profileinstaller:profileinstaller:1.3.0] AndroidManifest.xml:35:13-76
168            android:directBootAware="false"
168-->[androidx.profileinstaller:profileinstaller:1.3.0] AndroidManifest.xml:36:13-44
169            android:enabled="true"
169-->[androidx.profileinstaller:profileinstaller:1.3.0] AndroidManifest.xml:37:13-35
170            android:exported="true"
170-->[androidx.profileinstaller:profileinstaller:1.3.0] AndroidManifest.xml:38:13-36
171            android:permission="android.permission.DUMP" >
171-->[androidx.profileinstaller:profileinstaller:1.3.0] AndroidManifest.xml:39:13-57
172            <intent-filter>
172-->[androidx.profileinstaller:profileinstaller:1.3.0] AndroidManifest.xml:40:13-42:29
173                <action android:name="androidx.profileinstaller.action.INSTALL_PROFILE" />
173-->[androidx.profileinstaller:profileinstaller:1.3.0] AndroidManifest.xml:41:17-91
173-->[androidx.profileinstaller:profileinstaller:1.3.0] AndroidManifest.xml:41:25-88
174            </intent-filter>
175            <intent-filter>
175-->[androidx.profileinstaller:profileinstaller:1.3.0] AndroidManifest.xml:43:13-45:29
176                <action android:name="androidx.profileinstaller.action.SKIP_FILE" />
176-->[androidx.profileinstaller:profileinstaller:1.3.0] AndroidManifest.xml:44:17-85
176-->[androidx.profileinstaller:profileinstaller:1.3.0] AndroidManifest.xml:44:25-82
177            </intent-filter>
178            <intent-filter>
178-->[androidx.profileinstaller:profileinstaller:1.3.0] AndroidManifest.xml:46:13-48:29
179                <action android:name="androidx.profileinstaller.action.SAVE_PROFILE" />
179-->[androidx.profileinstaller:profileinstaller:1.3.0] AndroidManifest.xml:47:17-88
179-->[androidx.profileinstaller:profileinstaller:1.3.0] AndroidManifest.xml:47:25-85
180            </intent-filter>
181            <intent-filter>
181-->[androidx.profileinstaller:profileinstaller:1.3.0] AndroidManifest.xml:49:13-51:29
182                <action android:name="androidx.profileinstaller.action.BENCHMARK_OPERATION" />
182-->[androidx.profileinstaller:profileinstaller:1.3.0] AndroidManifest.xml:50:17-95
182-->[androidx.profileinstaller:profileinstaller:1.3.0] AndroidManifest.xml:50:25-92
183            </intent-filter>
184        </receiver>
185    </application>
186
187</manifest>